CRITICAL - 2025-04-09 08:48:09 --> ErrorException: Undefined array key "keterampilan"
[Method: POST, Route: login]
in APPPATH\Controllers\AuthController.php on line 66.
 1 APPPATH\Controllers\AuthController.php(66): CodeIgniter\Debug\Exceptions->errorHandler(2, 'Undefined array key "keterampilan"', 'C:\\xampp\\htdocs\\project_dkv\\app\\Controllers\\AuthController.php', 66)
 2 SYSTEMPATH\CodeIgniter.php(933): App\Controllers\AuthController->login()
 3 SYSTEMPATH\CodeIgniter.php(507): CodeIgniter\CodeIgniter->runController(Object(App\Controllers\AuthController))
 4 SYSTEMPATH\CodeIgniter.php(354): CodeIgniter\CodeIgniter->handleRequest(null, Object(Config\Cache), false)
 5 SYSTEMPATH\Boot.php(334): CodeIgniter\CodeIgniter->run()
 6 SYSTEMPATH\Boot.php(67): CodeIgniter\Boot::runCodeIgniter(Object(CodeIgniter\CodeIgniter))
 7 FCPATH\index.php(56): CodeIgniter\Boot::bootWeb(Object(Config\Paths))
 8 SYSTEMPATH\rewrite.php(44): require_once('C:\\xampp\\htdocs\\project_dkv\\public\\index.php')
CRITICAL - 2025-04-09 08:52:47 --> ErrorException: Undefined array key "keterampilan"
[Method: POST, Route: login]
in APPPATH\Controllers\AuthController.php on line 66.
 1 APPPATH\Controllers\AuthController.php(66): CodeIgniter\Debug\Exceptions->errorHandler(2, 'Undefined array key "keterampilan"', 'C:\\xampp\\htdocs\\project_dkv\\app\\Controllers\\AuthController.php', 66)
 2 SYSTEMPATH\CodeIgniter.php(933): App\Controllers\AuthController->login()
 3 SYSTEMPATH\CodeIgniter.php(507): CodeIgniter\CodeIgniter->runController(Object(App\Controllers\AuthController))
 4 SYSTEMPATH\CodeIgniter.php(354): CodeIgniter\CodeIgniter->handleRequest(null, Object(Config\Cache), false)
 5 SYSTEMPATH\Boot.php(334): CodeIgniter\CodeIgniter->run()
 6 SYSTEMPATH\Boot.php(67): CodeIgniter\Boot::runCodeIgniter(Object(CodeIgniter\CodeIgniter))
 7 FCPATH\index.php(56): CodeIgniter\Boot::bootWeb(Object(Config\Paths))
 8 SYSTEMPATH\rewrite.php(44): require_once('C:\\xampp\\htdocs\\project_dkv\\public\\index.php')
CRITICAL - 2025-04-09 08:55:27 --> ErrorException: Undefined array key "keterampilan"
[Method: POST, Route: login]
in APPPATH\Controllers\AuthController.php on line 66.
 1 APPPATH\Controllers\AuthController.php(66): CodeIgniter\Debug\Exceptions->errorHandler(2, 'Undefined array key "keterampilan"', 'C:\\xampp\\htdocs\\project_dkv\\app\\Controllers\\AuthController.php', 66)
 2 SYSTEMPATH\CodeIgniter.php(933): App\Controllers\AuthController->login()
 3 SYSTEMPATH\CodeIgniter.php(507): CodeIgniter\CodeIgniter->runController(Object(App\Controllers\AuthController))
 4 SYSTEMPATH\CodeIgniter.php(354): CodeIgniter\CodeIgniter->handleRequest(null, Object(Config\Cache), false)
 5 SYSTEMPATH\Boot.php(334): CodeIgniter\CodeIgniter->run()
 6 SYSTEMPATH\Boot.php(67): CodeIgniter\Boot::runCodeIgniter(Object(CodeIgniter\CodeIgniter))
 7 FCPATH\index.php(56): CodeIgniter\Boot::bootWeb(Object(Config\Paths))
 8 SYSTEMPATH\rewrite.php(44): require_once('C:\\xampp\\htdocs\\project_dkv\\public\\index.php')
CRITICAL - 2025-04-09 11:42:53 --> ErrorException: Undefined array key "keterampilan"
[Method: POST, Route: login]
in APPPATH\Controllers\AuthController.php on line 66.
 1 APPPATH\Controllers\AuthController.php(66): CodeIgniter\Debug\Exceptions->errorHandler(2, 'Undefined array key "keterampilan"', 'C:\\xampp\\htdocs\\project_dkv\\app\\Controllers\\AuthController.php', 66)
 2 SYSTEMPATH\CodeIgniter.php(933): App\Controllers\AuthController->login()
 3 SYSTEMPATH\CodeIgniter.php(507): CodeIgniter\CodeIgniter->runController(Object(App\Controllers\AuthController))
 4 SYSTEMPATH\CodeIgniter.php(354): CodeIgniter\CodeIgniter->handleRequest(null, Object(Config\Cache), false)
 5 SYSTEMPATH\Boot.php(334): CodeIgniter\CodeIgniter->run()
 6 SYSTEMPATH\Boot.php(67): CodeIgniter\Boot::runCodeIgniter(Object(CodeIgniter\CodeIgniter))
 7 FCPATH\index.php(56): CodeIgniter\Boot::bootWeb(Object(Config\Paths))
 8 SYSTEMPATH\rewrite.php(44): require_once('C:\\xampp\\htdocs\\project_dkv\\public\\index.php')
