ERROR - 2025-04-12 08:56:58 --> Error connecting to the database: mysqli_sql_exception: No connection could be made because the target machine actively refused it in C:\xampp\htdocs\project_dkv\system\Database\MySQLi\Connection.php:201
Stack trace:
#0 C:\xampp\htdocs\project_dkv\system\Database\MySQLi\Connection.php(201): mysqli->real_connect('localhost', 'root', Object(SensitiveParameterValue), 'project_dkv', 3306, '', 0)
#1 C:\xampp\htdocs\project_dkv\system\Database\BaseConnection.php(421): CodeIgniter\Database\MySQLi\Connection->connect(false)
#2 C:\xampp\htdocs\project_dkv\system\Database\BaseConnection.php(620): CodeIgniter\Database\BaseConnection->initialize()
#3 C:\xampp\htdocs\project_dkv\system\Database\BaseBuilder.php(1649): CodeIgniter\Database\BaseConnection->query('SELECT *\nFROM `...', Array, false)
#4 C:\xampp\htdocs\project_dkv\system\Model.php(286): CodeIgniter\Database\BaseBuilder->get()
#5 C:\xampp\htdocs\project_dkv\system\BaseModel.php(675): CodeIgniter\Model->doFindAll(0, 0)
#6 C:\xampp\htdocs\project_dkv\app\Models\UserModel.php(19): CodeIgniter\BaseModel->findAll()
#7 C:\xampp\htdocs\project_dkv\app\Controllers\Home.php(16): App\Models\UserModel->getUserHome()
#8 C:\xampp\htdocs\project_dkv\system\CodeIgniter.php(933): App\Controllers\Home->index()
#9 C:\xampp\htdocs\project_dkv\system\CodeIgniter.php(507): CodeIgniter\CodeIgniter->runController(Object(App\Controllers\Home))
#10 C:\xampp\htdocs\project_dkv\system\CodeIgniter.php(354): CodeIgniter\CodeIgniter->handleRequest(NULL, Object(Config\Cache), false)
#11 C:\xampp\htdocs\project_dkv\system\Boot.php(334): CodeIgniter\CodeIgniter->run()
#12 C:\xampp\htdocs\project_dkv\system\Boot.php(67): CodeIgniter\Boot::runCodeIgniter(Object(CodeIgniter\CodeIgniter))
#13 C:\xampp\htdocs\project_dkv\public\index.php(56): CodeIgniter\Boot::bootWeb(Object(Config\Paths))
#14 C:\xampp\htdocs\project_dkv\system\rewrite.php(44): require_once('C:\\xampp\\htdocs...')
#15 {main}

Next CodeIgniter\Database\Exceptions\DatabaseException: No connection could be made because the target machine actively refused it in C:\xampp\htdocs\project_dkv\system\Database\MySQLi\Connection.php:246
Stack trace:
#0 C:\xampp\htdocs\project_dkv\system\Database\BaseConnection.php(421): CodeIgniter\Database\MySQLi\Connection->connect(false)
#1 C:\xampp\htdocs\project_dkv\system\Database\BaseConnection.php(620): CodeIgniter\Database\BaseConnection->initialize()
#2 C:\xampp\htdocs\project_dkv\system\Database\BaseBuilder.php(1649): CodeIgniter\Database\BaseConnection->query('SELECT *\nFROM `...', Array, false)
#3 C:\xampp\htdocs\project_dkv\system\Model.php(286): CodeIgniter\Database\BaseBuilder->get()
#4 C:\xampp\htdocs\project_dkv\system\BaseModel.php(675): CodeIgniter\Model->doFindAll(0, 0)
#5 C:\xampp\htdocs\project_dkv\app\Models\UserModel.php(19): CodeIgniter\BaseModel->findAll()
#6 C:\xampp\htdocs\project_dkv\app\Controllers\Home.php(16): App\Models\UserModel->getUserHome()
#7 C:\xampp\htdocs\project_dkv\system\CodeIgniter.php(933): App\Controllers\Home->index()
#8 C:\xampp\htdocs\project_dkv\system\CodeIgniter.php(507): CodeIgniter\CodeIgniter->runController(Object(App\Controllers\Home))
#9 C:\xampp\htdocs\project_dkv\system\CodeIgniter.php(354): CodeIgniter\CodeIgniter->handleRequest(NULL, Object(Config\Cache), false)
#10 C:\xampp\htdocs\project_dkv\system\Boot.php(334): CodeIgniter\CodeIgniter->run()
#11 C:\xampp\htdocs\project_dkv\system\Boot.php(67): CodeIgniter\Boot::runCodeIgniter(Object(CodeIgniter\CodeIgniter))
#12 C:\xampp\htdocs\project_dkv\public\index.php(56): CodeIgniter\Boot::bootWeb(Object(Config\Paths))
#13 C:\xampp\htdocs\project_dkv\system\rewrite.php(44): require_once('C:\\xampp\\htdocs...')
#14 {main}
CRITICAL - 2025-04-12 08:56:58 --> CodeIgniter\Database\Exceptions\DatabaseException: Unable to connect to the database.
Main connection [MySQLi]: No connection could be made because the target machine actively refused it
[Method: GET, Route: /]
in SYSTEMPATH\Database\BaseConnection.php on line 467.
 1 SYSTEMPATH\Database\BaseConnection.php(620): CodeIgniter\Database\BaseConnection->initialize()
 2 SYSTEMPATH\Database\BaseBuilder.php(1649): CodeIgniter\Database\BaseConnection->query('SELECT *
FROM `users`
 LIMIT 3', [], false)
 3 SYSTEMPATH\Model.php(286): CodeIgniter\Database\BaseBuilder->get()
 4 SYSTEMPATH\BaseModel.php(675): CodeIgniter\Model->doFindAll(0, 0)
 5 APPPATH\Models\UserModel.php(19): CodeIgniter\BaseModel->findAll()
 6 APPPATH\Controllers\Home.php(16): App\Models\UserModel->getUserHome()
 7 SYSTEMPATH\CodeIgniter.php(933): App\Controllers\Home->index()
 8 SYSTEMPATH\CodeIgniter.php(507): CodeIgniter\CodeIgniter->runController(Object(App\Controllers\Home))
 9 SYSTEMPATH\CodeIgniter.php(354): CodeIgniter\CodeIgniter->handleRequest(null, Object(Config\Cache), false)
10 SYSTEMPATH\Boot.php(334): CodeIgniter\CodeIgniter->run()
11 SYSTEMPATH\Boot.php(67): CodeIgniter\Boot::runCodeIgniter(Object(CodeIgniter\CodeIgniter))
12 FCPATH\index.php(56): CodeIgniter\Boot::bootWeb(Object(Config\Paths))
13 SYSTEMPATH\rewrite.php(44): require_once('C:\\xampp\\htdocs\\project_dkv\\public\\index.php')
CRITICAL - 2025-04-12 09:46:56 --> ErrorException: Undefined array key "keterampilan"
[Method: POST, Route: login]
in APPPATH\Controllers\AuthController.php on line 66.
 1 APPPATH\Controllers\AuthController.php(66): CodeIgniter\Debug\Exceptions->errorHandler(2, 'Undefined array key "keterampilan"', 'C:\\xampp\\htdocs\\project_dkv\\app\\Controllers\\AuthController.php', 66)
 2 SYSTEMPATH\CodeIgniter.php(933): App\Controllers\AuthController->login()
 3 SYSTEMPATH\CodeIgniter.php(507): CodeIgniter\CodeIgniter->runController(Object(App\Controllers\AuthController))
 4 SYSTEMPATH\CodeIgniter.php(354): CodeIgniter\CodeIgniter->handleRequest(null, Object(Config\Cache), false)
 5 SYSTEMPATH\Boot.php(334): CodeIgniter\CodeIgniter->run()
 6 SYSTEMPATH\Boot.php(67): CodeIgniter\Boot::runCodeIgniter(Object(CodeIgniter\CodeIgniter))
 7 FCPATH\index.php(56): CodeIgniter\Boot::bootWeb(Object(Config\Paths))
 8 SYSTEMPATH\rewrite.php(44): require_once('C:\\xampp\\htdocs\\project_dkv\\public\\index.php')
CRITICAL - 2025-04-12 10:00:15 --> ErrorException: Undefined array key "keterampilan"
[Method: POST, Route: login]
in APPPATH\Controllers\AuthController.php on line 66.
 1 APPPATH\Controllers\AuthController.php(66): CodeIgniter\Debug\Exceptions->errorHandler(2, 'Undefined array key "keterampilan"', 'C:\\xampp\\htdocs\\project_dkv\\app\\Controllers\\AuthController.php', 66)
 2 SYSTEMPATH\CodeIgniter.php(933): App\Controllers\AuthController->login()
 3 SYSTEMPATH\CodeIgniter.php(507): CodeIgniter\CodeIgniter->runController(Object(App\Controllers\AuthController))
 4 SYSTEMPATH\CodeIgniter.php(354): CodeIgniter\CodeIgniter->handleRequest(null, Object(Config\Cache), false)
 5 SYSTEMPATH\Boot.php(334): CodeIgniter\CodeIgniter->run()
 6 SYSTEMPATH\Boot.php(67): CodeIgniter\Boot::runCodeIgniter(Object(CodeIgniter\CodeIgniter))
 7 FCPATH\index.php(56): CodeIgniter\Boot::bootWeb(Object(Config\Paths))
 8 SYSTEMPATH\rewrite.php(44): require_once('C:\\xampp\\htdocs\\project_dkv\\public\\index.php')
CRITICAL - 2025-04-12 10:13:19 --> ErrorException: Undefined array key "keterampilan"
[Method: POST, Route: login]
in APPPATH\Controllers\AuthController.php on line 66.
 1 APPPATH\Controllers\AuthController.php(66): CodeIgniter\Debug\Exceptions->errorHandler(2, 'Undefined array key "keterampilan"', 'C:\\xampp\\htdocs\\project_dkv\\app\\Controllers\\AuthController.php', 66)
 2 SYSTEMPATH\CodeIgniter.php(933): App\Controllers\AuthController->login()
 3 SYSTEMPATH\CodeIgniter.php(507): CodeIgniter\CodeIgniter->runController(Object(App\Controllers\AuthController))
 4 SYSTEMPATH\CodeIgniter.php(354): CodeIgniter\CodeIgniter->handleRequest(null, Object(Config\Cache), false)
 5 SYSTEMPATH\Boot.php(334): CodeIgniter\CodeIgniter->run()
 6 SYSTEMPATH\Boot.php(67): CodeIgniter\Boot::runCodeIgniter(Object(CodeIgniter\CodeIgniter))
 7 FCPATH\index.php(56): CodeIgniter\Boot::bootWeb(Object(Config\Paths))
 8 SYSTEMPATH\rewrite.php(44): require_once('C:\\xampp\\htdocs\\project_dkv\\public\\index.php')
CRITICAL - 2025-04-12 10:15:39 --> ErrorException: Undefined array key "keterampilan"
[Method: POST, Route: login]
in APPPATH\Controllers\AuthController.php on line 66.
 1 APPPATH\Controllers\AuthController.php(66): CodeIgniter\Debug\Exceptions->errorHandler(2, 'Undefined array key "keterampilan"', 'C:\\xampp\\htdocs\\project_dkv\\app\\Controllers\\AuthController.php', 66)
 2 SYSTEMPATH\CodeIgniter.php(933): App\Controllers\AuthController->login()
 3 SYSTEMPATH\CodeIgniter.php(507): CodeIgniter\CodeIgniter->runController(Object(App\Controllers\AuthController))
 4 SYSTEMPATH\CodeIgniter.php(354): CodeIgniter\CodeIgniter->handleRequest(null, Object(Config\Cache), false)
 5 SYSTEMPATH\Boot.php(334): CodeIgniter\CodeIgniter->run()
 6 SYSTEMPATH\Boot.php(67): CodeIgniter\Boot::runCodeIgniter(Object(CodeIgniter\CodeIgniter))
 7 FCPATH\index.php(56): CodeIgniter\Boot::bootWeb(Object(Config\Paths))
 8 SYSTEMPATH\rewrite.php(44): require_once('C:\\xampp\\htdocs\\project_dkv\\public\\index.php')
CRITICAL - 2025-04-12 10:16:18 --> ErrorException: Undefined array key "keterampilan"
[Method: POST, Route: login]
in APPPATH\Controllers\AuthController.php on line 66.
 1 APPPATH\Controllers\AuthController.php(66): CodeIgniter\Debug\Exceptions->errorHandler(2, 'Undefined array key "keterampilan"', 'C:\\xampp\\htdocs\\project_dkv\\app\\Controllers\\AuthController.php', 66)
 2 SYSTEMPATH\CodeIgniter.php(933): App\Controllers\AuthController->login()
 3 SYSTEMPATH\CodeIgniter.php(507): CodeIgniter\CodeIgniter->runController(Object(App\Controllers\AuthController))
 4 SYSTEMPATH\CodeIgniter.php(354): CodeIgniter\CodeIgniter->handleRequest(null, Object(Config\Cache), false)
 5 SYSTEMPATH\Boot.php(334): CodeIgniter\CodeIgniter->run()
 6 SYSTEMPATH\Boot.php(67): CodeIgniter\Boot::runCodeIgniter(Object(CodeIgniter\CodeIgniter))
 7 FCPATH\index.php(56): CodeIgniter\Boot::bootWeb(Object(Config\Paths))
 8 SYSTEMPATH\rewrite.php(44): require_once('C:\\xampp\\htdocs\\project_dkv\\public\\index.php')
CRITICAL - 2025-04-12 10:16:59 --> ErrorException: Undefined array key "keterampilan"
[Method: POST, Route: login]
in APPPATH\Controllers\AuthController.php on line 66.
 1 APPPATH\Controllers\AuthController.php(66): CodeIgniter\Debug\Exceptions->errorHandler(2, 'Undefined array key "keterampilan"', 'C:\\xampp\\htdocs\\project_dkv\\app\\Controllers\\AuthController.php', 66)
 2 SYSTEMPATH\CodeIgniter.php(933): App\Controllers\AuthController->login()
 3 SYSTEMPATH\CodeIgniter.php(507): CodeIgniter\CodeIgniter->runController(Object(App\Controllers\AuthController))
 4 SYSTEMPATH\CodeIgniter.php(354): CodeIgniter\CodeIgniter->handleRequest(null, Object(Config\Cache), false)
 5 SYSTEMPATH\Boot.php(334): CodeIgniter\CodeIgniter->run()
 6 SYSTEMPATH\Boot.php(67): CodeIgniter\Boot::runCodeIgniter(Object(CodeIgniter\CodeIgniter))
 7 FCPATH\index.php(56): CodeIgniter\Boot::bootWeb(Object(Config\Paths))
 8 SYSTEMPATH\rewrite.php(44): require_once('C:\\xampp\\htdocs\\project_dkv\\public\\index.php')
CRITICAL - 2025-04-12 10:17:35 --> ErrorException: Undefined array key "keterampilan"
[Method: POST, Route: login]
in APPPATH\Controllers\AuthController.php on line 66.
 1 APPPATH\Controllers\AuthController.php(66): CodeIgniter\Debug\Exceptions->errorHandler(2, 'Undefined array key "keterampilan"', 'C:\\xampp\\htdocs\\project_dkv\\app\\Controllers\\AuthController.php', 66)
 2 SYSTEMPATH\CodeIgniter.php(933): App\Controllers\AuthController->login()
 3 SYSTEMPATH\CodeIgniter.php(507): CodeIgniter\CodeIgniter->runController(Object(App\Controllers\AuthController))
 4 SYSTEMPATH\CodeIgniter.php(354): CodeIgniter\CodeIgniter->handleRequest(null, Object(Config\Cache), false)
 5 SYSTEMPATH\Boot.php(334): CodeIgniter\CodeIgniter->run()
 6 SYSTEMPATH\Boot.php(67): CodeIgniter\Boot::runCodeIgniter(Object(CodeIgniter\CodeIgniter))
 7 FCPATH\index.php(56): CodeIgniter\Boot::bootWeb(Object(Config\Paths))
 8 SYSTEMPATH\rewrite.php(44): require_once('C:\\xampp\\htdocs\\project_dkv\\public\\index.php')
CRITICAL - 2025-04-12 10:25:19 --> ErrorException: Undefined array key "keterampilan"
[Method: POST, Route: login]
in APPPATH\Controllers\AuthController.php on line 66.
 1 APPPATH\Controllers\AuthController.php(66): CodeIgniter\Debug\Exceptions->errorHandler(2, 'Undefined array key "keterampilan"', 'C:\\xampp\\htdocs\\project_dkv\\app\\Controllers\\AuthController.php', 66)
 2 SYSTEMPATH\CodeIgniter.php(933): App\Controllers\AuthController->login()
 3 SYSTEMPATH\CodeIgniter.php(507): CodeIgniter\CodeIgniter->runController(Object(App\Controllers\AuthController))
 4 SYSTEMPATH\CodeIgniter.php(354): CodeIgniter\CodeIgniter->handleRequest(null, Object(Config\Cache), false)
 5 SYSTEMPATH\Boot.php(334): CodeIgniter\CodeIgniter->run()
 6 SYSTEMPATH\Boot.php(67): CodeIgniter\Boot::runCodeIgniter(Object(CodeIgniter\CodeIgniter))
 7 FCPATH\index.php(56): CodeIgniter\Boot::bootWeb(Object(Config\Paths))
 8 SYSTEMPATH\rewrite.php(44): require_once('C:\\xampp\\htdocs\\project_dkv\\public\\index.php')
CRITICAL - 2025-04-12 10:38:10 --> ErrorException: Undefined array key "keterampilan"
[Method: POST, Route: login]
in APPPATH\Controllers\AuthController.php on line 66.
 1 APPPATH\Controllers\AuthController.php(66): CodeIgniter\Debug\Exceptions->errorHandler(2, 'Undefined array key "keterampilan"', 'C:\\xampp\\htdocs\\project_dkv\\app\\Controllers\\AuthController.php', 66)
 2 SYSTEMPATH\CodeIgniter.php(933): App\Controllers\AuthController->login()
 3 SYSTEMPATH\CodeIgniter.php(507): CodeIgniter\CodeIgniter->runController(Object(App\Controllers\AuthController))
 4 SYSTEMPATH\CodeIgniter.php(354): CodeIgniter\CodeIgniter->handleRequest(null, Object(Config\Cache), false)
 5 SYSTEMPATH\Boot.php(334): CodeIgniter\CodeIgniter->run()
 6 SYSTEMPATH\Boot.php(67): CodeIgniter\Boot::runCodeIgniter(Object(CodeIgniter\CodeIgniter))
 7 FCPATH\index.php(56): CodeIgniter\Boot::bootWeb(Object(Config\Paths))
 8 SYSTEMPATH\rewrite.php(44): require_once('C:\\xampp\\htdocs\\project_dkv\\public\\index.php')
CRITICAL - 2025-04-12 13:03:38 --> CodeIgniter\HTTP\Exceptions\BadRequestException: The URI you submitted has disallowed characters: "<base_url(relativePath: '"
[Method: POST, Route: %3Cbase_url%28relativePath:%20%27/login%27%29]
in SYSTEMPATH\Router\Router.php on line 739.
 1 SYSTEMPATH\Router\Router.php(207): CodeIgniter\Router\Router->checkDisallowedChars('<base_url(relativePath: \'/login\')')
 2 SYSTEMPATH\CodeIgniter.php(832): CodeIgniter\Router\Router->handle('<base_url(relativePath: \'/login\')')
 3 SYSTEMPATH\CodeIgniter.php(455): CodeIgniter\CodeIgniter->tryToRouteIt(Object(CodeIgniter\Router\RouteCollection))
 4 SYSTEMPATH\CodeIgniter.php(354): CodeIgniter\CodeIgniter->handleRequest(null, Object(Config\Cache), false)
 5 SYSTEMPATH\Boot.php(334): CodeIgniter\CodeIgniter->run()
 6 SYSTEMPATH\Boot.php(67): CodeIgniter\Boot::runCodeIgniter(Object(CodeIgniter\CodeIgniter))
 7 FCPATH\index.php(56): CodeIgniter\Boot::bootWeb(Object(Config\Paths))
 8 SYSTEMPATH\rewrite.php(44): require_once('C:\\xampp\\htdocs\\project_dkv\\public\\index.php')
CRITICAL - 2025-04-12 13:05:24 --> ErrorException: Undefined array key "keterampilan"
[Method: POST, Route: login]
in APPPATH\Controllers\AuthController.php on line 66.
 1 APPPATH\Controllers\AuthController.php(66): CodeIgniter\Debug\Exceptions->errorHandler(2, 'Undefined array key "keterampilan"', 'C:\\xampp\\htdocs\\project_dkv\\app\\Controllers\\AuthController.php', 66)
 2 SYSTEMPATH\CodeIgniter.php(933): App\Controllers\AuthController->login()
 3 SYSTEMPATH\CodeIgniter.php(507): CodeIgniter\CodeIgniter->runController(Object(App\Controllers\AuthController))
 4 SYSTEMPATH\CodeIgniter.php(354): CodeIgniter\CodeIgniter->handleRequest(null, Object(Config\Cache), false)
 5 SYSTEMPATH\Boot.php(334): CodeIgniter\CodeIgniter->run()
 6 SYSTEMPATH\Boot.php(67): CodeIgniter\Boot::runCodeIgniter(Object(CodeIgniter\CodeIgniter))
 7 FCPATH\index.php(56): CodeIgniter\Boot::bootWeb(Object(Config\Paths))
 8 SYSTEMPATH\rewrite.php(44): require_once('C:\\xampp\\htdocs\\project_dkv\\public\\index.php')
CRITICAL - 2025-04-12 13:07:45 --> ErrorException: Undefined array key "keterampilan"
[Method: POST, Route: login]
in APPPATH\Controllers\AuthController.php on line 66.
 1 APPPATH\Controllers\AuthController.php(66): CodeIgniter\Debug\Exceptions->errorHandler(2, 'Undefined array key "keterampilan"', 'C:\\xampp\\htdocs\\project_dkv\\app\\Controllers\\AuthController.php', 66)
 2 SYSTEMPATH\CodeIgniter.php(933): App\Controllers\AuthController->login()
 3 SYSTEMPATH\CodeIgniter.php(507): CodeIgniter\CodeIgniter->runController(Object(App\Controllers\AuthController))
 4 SYSTEMPATH\CodeIgniter.php(354): CodeIgniter\CodeIgniter->handleRequest(null, Object(Config\Cache), false)
 5 SYSTEMPATH\Boot.php(334): CodeIgniter\CodeIgniter->run()
 6 SYSTEMPATH\Boot.php(67): CodeIgniter\Boot::runCodeIgniter(Object(CodeIgniter\CodeIgniter))
 7 FCPATH\index.php(56): CodeIgniter\Boot::bootWeb(Object(Config\Paths))
 8 SYSTEMPATH\rewrite.php(44): require_once('C:\\xampp\\htdocs\\project_dkv\\public\\index.php')
